# JRE version: Java(TM) SE Runtime Environment (8.0_25-b17) (build 1.8.0_25-b17)
# Java VM: Java HotSpot(TM) 64-Bit Server VM (25.25-b02 mixed mode bsd-amd64 compressed oops)
Heap:
 PSYoungGen      total 25088K, used 10860K [0x00000007aab00000, 0x00000007aca00000, 0x00000007c0000000)
  eden space 20480K, 39% used [0x00000007aab00000,0x00000007ab2eb300,0x00000007abf00000)
  from space 4608K, 59% used [0x00000007ac580000,0x00000007ac830010,0x00000007aca00000)
  to   space 5632K, 0% used [0x00000007abf00000,0x00000007abf00000,0x00000007ac480000)
 ParOldGen       total 37888K, used 8031K [0x0000000780000000, 0x0000000782500000, 0x00000007aab00000)
  object space 37888K, 21% used [0x0000000780000000,0x00000007807d7fa8,0x0000000782500000)
 Metaspace       used 21818K, capacity 23204K, committed 23296K, reserved 1069056K
  class space    used 3053K, capacity 3265K, committed 3328K, reserved 1048576K
GC Heap History (10 events):
Event: 9.608 GC heap before
{Heap before GC invocations=3 (full 0):
 PSYoungGen      total 18944K, used 18912K [0x00000007aab00000, 0x00000007ad000000, 0x00000007c0000000)
  eden space 16384K, 100% used [0x00000007aab00000,0x00000007abb00000,0x00000007abb00000)
  from space 2560K, 98% used [0x00000007abd80000,0x00000007abff8020,0x00000007ac000000)
  to   space 2560K, 0% used [0x00000007abb00000,0x00000007abb00000,0x00000007abd80000)
 ParOldGen       total 44032K, used 2244K [0x0000000780000000, 0x0000000782b00000, 0x00000007aab00000)
  object space 44032K, 5% used [0x0000000780000000,0x00000007802312e0,0x0000000782b00000)
 Metaspace       used 17973K, capacity 18832K, committed 19072K, reserved 1064960K
  class space    used 2712K, capacity 2879K, committed 2944K, reserved 1048576K
Event: 9.625 GC heap after
Heap after GC invocations=3 (full 0):
 PSYoungGen      total 18944K, used 2528K [0x00000007aab00000, 0x00000007ac000000, 0x00000007c0000000)
  eden space 16384K, 0% used [0x00000007aab00000,0x00000007aab00000,0x00000007abb00000)
  from space 2560K, 98% used [0x00000007abb00000,0x00000007abd78020,0x00000007abd80000)
  to   space 2560K, 0% used [0x00000007abd80000,0x00000007abd80000,0x00000007ac000000)
 ParOldGen       total 44032K, used 4540K [0x0000000780000000, 0x0000000782b00000, 0x00000007aab00000)
  object space 44032K, 10% used [0x0000000780000000,0x000000078046f150,0x0000000782b00000)
 Metaspace       used 17973K, capacity 18832K, committed 19072K, reserved 1064960K
  class space    used 2712K, capacity 2879K, committed 2944K, reserved 1048576K
}
Event: 10.320 GC heap before
{Heap before GC invocations=4 (full 0):
 PSYoungGen      total 18944K, used 10920K [0x00000007aab00000, 0x00000007ac000000, 0x00000007c0000000)
  eden space 16384K, 51% used [0x00000007aab00000,0x00000007ab3323b0,0x00000007abb00000)
  from space 2560K, 98% used [0x00000007abb00000,0x00000007abd78020,0x00000007abd80000)
  to   space 2560K, 0% used [0x00000007abd80000,0x00000007abd80000,0x00000007ac000000)
 ParOldGen       total 44032K, used 4540K [0x0000000780000000, 0x0000000782b00000, 0x00000007aab00000)
  object space 44032K, 10% used [0x0000000780000000,0x000000078046f150,0x0000000782b00000)
 Metaspace       used 19983K, capacity 21268K, committed 21296K, reserved 1067008K
  class space    used 2994K, capacity 3189K, committed 3200K, reserved 1048576K
Event: 10.341 GC heap after
Heap after GC invocations=4 (full 0):
 PSYoungGen      total 18944K, used 2528K [0x00000007aab00000, 0x00000007ad000000, 0x00000007c0000000)
  eden space 16384K, 0% used [0x00000007aab00000,0x00000007aab00000,0x00000007abb00000)
  from space 2560K, 98% used [0x00000007abd80000,0x00000007abff8020,0x00000007ac000000)
  to   space 2560K, 0% used [0x00000007abb00000,0x00000007abb00000,0x00000007abd80000)
 ParOldGen       total 44032K, used 5929K [0x0000000780000000, 0x0000000782b00000, 0x00000007aab00000)
  object space 44032K, 13% used [0x0000000780000000,0x00000007805ca670,0x0000000782b00000)
 Metaspace       used 19983K, capacity 21268K, committed 21296K, reserved 1067008K
  class space    used 2994K, capacity 3189K, committed 3200K, reserved 1048576K
}
Event: 10.341 GC heap before
{Heap before GC invocations=5 (full 1):
 PSYoungGen      total 18944K, used 2528K [0x00000007aab00000, 0x00000007ad000000, 0x00000007c0000000)
  eden space 16384K, 0% used [0x00000007aab00000,0x00000007aab00000,0x00000007abb00000)
  from space 2560K, 98% used [0x00000007abd80000,0x00000007abff8020,0x00000007ac000000)
  to   space 2560K, 0% used [0x00000007abb00000,0x00000007abb00000,0x00000007abd80000)
 ParOldGen       total 44032K, used 5929K [0x0000000780000000, 0x0000000782b00000, 0x00000007aab00000)
  object space 44032K, 13% used [0x0000000780000000,0x00000007805ca670,0x0000000782b00000)
 Metaspace       used 19983K, capacity 21268K, committed 21296K, reserved 1067008K
  class space    used 2994K, capacity 3189K, committed 3200K, reserved 1048576K
Event: 10.571 GC heap after
Heap after GC invocations=5 (full 1):
 PSYoungGen      total 18944K, used 0K [0x00000007aab00000, 0x00000007ad000000, 0x00000007c0000000)
  eden space 16384K, 0% used [0x00000007aab00000,0x00000007aab00000,0x00000007abb00000)
  from space 2560K, 0% used [0x00000007abd80000,0x00000007abd80000,0x00000007ac000000)
  to   space 2560K, 0% used [0x00000007abb00000,0x00000007abb00000,0x00000007abd80000)
 ParOldGen       total 37888K, used 7903K [0x0000000780000000, 0x0000000782500000, 0x00000007aab00000)
  object space 37888K, 20% used [0x0000000780000000,0x00000007807b7fa8,0x0000000782500000)
 Metaspace       used 19982K, capacity 21266K, committed 21296K, reserved 1067008K
  class space    used 2993K, capacity 3188K, committed 3200K, reserved 1048576K
}
Event: 21.452 GC heap before
{Heap before GC invocations=6 (full 1):
 PSYoungGen      total 18944K, used 16384K [0x00000007aab00000, 0x00000007ad000000, 0x00000007c0000000)
  eden space 16384K, 100% used [0x00000007aab00000,0x00000007abb00000,0x00000007abb00000)
  from space 2560K, 0% used [0x00000007abd80000,0x00000007abd80000,0x00000007ac000000)
  to   space 2560K, 0% used [0x00000007abb00000,0x00000007abb00000,0x00000007abd80000)
 ParOldGen       total 37888K, used 7903K [0x0000000780000000, 0x0000000782500000, 0x00000007aab00000)
  object space 37888K, 20% used [0x0000000780000000,0x00000007807b7fa8,0x0000000782500000)
 Metaspace       used 21479K, capacity 22780K, committed 23040K, reserved 1069056K
  class space    used 3049K, capacity 3259K, committed 3328K, reserved 1048576K
Event: 21.458 GC heap after
Heap after GC invocations=6 (full 1):
 PSYoungGen      total 18944K, used 2528K [0x00000007aab00000, 0x00000007acb00000, 0x00000007c0000000)
  eden space 16384K, 0% used [0x00000007aab00000,0x00000007aab00000,0x00000007abb00000)
  from space 2560K, 98% used [0x00000007abb00000,0x00000007abd78010,0x00000007abd80000)
  to   space 5632K, 0% used [0x00000007ac580000,0x00000007ac580000,0x00000007acb00000)
 ParOldGen       total 37888K, used 8023K [0x0000000780000000, 0x0000000782500000, 0x00000007aab00000)
  object space 37888K, 21% used [0x0000000780000000,0x00000007807d5fa8,0x0000000782500000)
 Metaspace       used 21479K, capacity 22780K, committed 23040K, reserved 1069056K
  class space    used 3049K, capacity 3259K, committed 3328K, reserved 1048576K
}
Event: 592.857 GC heap before
{Heap before GC invocations=7 (full 1):
 PSYoungGen      total 18944K, used 18909K [0x00000007aab00000, 0x00000007acb00000, 0x00000007c0000000)
  eden space 16384K, 99% used [0x00000007aab00000,0x00000007abaff540,0x00000007abb00000)
  from space 2560K, 98% used [0x00000007abb00000,0x00000007abd78010,0x00000007abd80000)
  to   space 5632K, 0% used [0x00000007ac580000,0x00000007ac580000,0x00000007acb00000)
 ParOldGen       total 37888K, used 8023K [0x0000000780000000, 0x0000000782500000, 0x00000007aab00000)
  object space 37888K, 21% used [0x0000000780000000,0x00000007807d5fa8,0x0000000782500000)
 Metaspace       used 21784K, capacity 23140K, committed 23296K, reserved 1069056K
  class space    used 3053K, capacity 3265K, committed 3328K, reserved 1048576K
Event: 592.896 GC heap after
Heap after GC invocations=7 (full 1):
 PSYoungGen      total 25088K, used 2752K [0x00000007aab00000, 0x00000007aca00000, 0x00000007c0000000)
  eden space 20480K, 0% used [0x00000007aab00000,0x00000007aab00000,0x00000007abf00000)
  from space 4608K, 59% used [0x00000007ac580000,0x00000007ac830010,0x00000007aca00000)
  to   space 5632K, 0% used [0x00000007abf00000,0x00000007abf00000,0x00000007ac480000)
 ParOldGen       total 37888K, used 8031K [0x0000000780000000, 0x0000000782500000, 0x00000007aab00000)
  object space 37888K, 21% used [0x0000000780000000,0x00000007807d7fa8,0x0000000782500000)
 Metaspace       used 21784K, capacity 23140K, committed 23296K, reserved 1069056K
  class space    used 3053K, capacity 3265K, committed 3328K, reserved 1048576K
}

