# JRE version: Java(TM) SE Runtime Environment (8.0_25-b17) (build 1.8.0_25-b17)
# Java VM: Java HotSpot(TM) 64-Bit Server VM (25.25-b02 mixed mode bsd-amd64 compressed oops)
Heap:
 PSYoungGen      total 29696K, used 2566K [0x00000007aab00000, 0x00000007ad380000, 0x00000007c0000000)
  eden space 20992K, 8% used [0x00000007aab00000,0x00000007aacc9840,0x00000007abf80000)
  from space 8704K, 8% used [0x00000007abf80000,0x00000007ac038000,0x00000007ac800000)
  to   space 8704K, 0% used [0x00000007acb00000,0x00000007acb00000,0x00000007ad380000)
 ParOldGen       total 42496K, used 9852K [0x0000000780000000, 0x0000000782980000, 0x00000007aab00000)
  object space 42496K, 23% used [0x0000000780000000,0x000000078099f028,0x0000000782980000)
 Metaspace       used 21600K, capacity 22988K, committed 23368K, reserved 1069056K
  class space    used 2973K, capacity 3201K, committed 3328K, reserved 1048576K
GC Heap History (10 events):
Event: 17.234 GC heap before
{Heap before GC invocations=6 (full 0):
 PSYoungGen      total 18944K, used 5621K [0x00000007aab00000, 0x00000007acc00000, 0x00000007c0000000)
  eden space 16384K, 18% used [0x00000007aab00000,0x00000007aae056f8,0x00000007abb00000)
  from space 2560K, 98% used [0x00000007abb00000,0x00000007abd78020,0x00000007abd80000)
  to   space 8704K, 0% used [0x00000007ac380000,0x00000007ac380000,0x00000007acc00000)
 ParOldGen       total 44032K, used 10007K [0x0000000780000000, 0x0000000782b00000, 0x00000007aab00000)
  object space 44032K, 22% used [0x0000000780000000,0x00000007809c5dc8,0x0000000782b00000)
 Metaspace       used 20593K, capacity 21906K, committed 21960K, reserved 1069056K
  class space    used 2968K, capacity 3196K, committed 3200K, reserved 1048576K
Event: 17.252 GC heap after
Heap after GC invocations=6 (full 0):
 PSYoungGen      total 25088K, used 2656K [0x00000007aab00000, 0x00000007acc00000, 0x00000007c0000000)
  eden space 16384K, 0% used [0x00000007aab00000,0x00000007aab00000,0x00000007abb00000)
  from space 8704K, 30% used [0x00000007ac380000,0x00000007ac618020,0x00000007acc00000)
  to   space 8704K, 0% used [0x00000007abb00000,0x00000007abb00000,0x00000007ac380000)
 ParOldGen       total 44032K, used 10015K [0x0000000780000000, 0x0000000782b00000, 0x00000007aab00000)
  object space 44032K, 22% used [0x0000000780000000,0x00000007809c7dc8,0x0000000782b00000)
 Metaspace       used 20593K, capacity 21906K, committed 21960K, reserved 1069056K
  class space    used 2968K, capacity 3196K, committed 3200K, reserved 1048576K
}
Event: 17.252 GC heap before
{Heap before GC invocations=7 (full 1):
 PSYoungGen      total 25088K, used 2656K [0x00000007aab00000, 0x00000007acc00000, 0x00000007c0000000)
  eden space 16384K, 0% used [0x00000007aab00000,0x00000007aab00000,0x00000007abb00000)
  from space 8704K, 30% used [0x00000007ac380000,0x00000007ac618020,0x00000007acc00000)
  to   space 8704K, 0% used [0x00000007abb00000,0x00000007abb00000,0x00000007ac380000)
 ParOldGen       total 44032K, used 10015K [0x0000000780000000, 0x0000000782b00000, 0x00000007aab00000)
  object space 44032K, 22% used [0x0000000780000000,0x00000007809c7dc8,0x0000000782b00000)
 Metaspace       used 20593K, capacity 21906K, committed 21960K, reserved 1069056K
  class space    used 2968K, capacity 3196K, committed 3200K, reserved 1048576K
Event: 17.419 GC heap after
Heap after GC invocations=7 (full 1):
 PSYoungGen      total 25088K, used 0K [0x00000007aab00000, 0x00000007acc00000, 0x00000007c0000000)
  eden space 16384K, 0% used [0x00000007aab00000,0x00000007aab00000,0x00000007abb00000)
  from space 8704K, 0% used [0x00000007ac380000,0x00000007ac380000,0x00000007acc00000)
  to   space 8704K, 0% used [0x00000007abb00000,0x00000007abb00000,0x00000007ac380000)
 ParOldGen       total 42496K, used 9828K [0x0000000780000000, 0x0000000782980000, 0x00000007aab00000)
  object space 42496K, 23% used [0x0000000780000000,0x0000000780999028,0x0000000782980000)
 Metaspace       used 20591K, capacity 21904K, committed 21960K, reserved 1069056K
  class space    used 2967K, capacity 3195K, committed 3200K, reserved 1048576K
}
Event: 32.728 GC heap before
{Heap before GC invocations=8 (full 1):
 PSYoungGen      total 25088K, used 16384K [0x00000007aab00000, 0x00000007acc00000, 0x00000007c0000000)
  eden space 16384K, 100% used [0x00000007aab00000,0x00000007abb00000,0x00000007abb00000)
  from space 8704K, 0% used [0x00000007ac380000,0x00000007ac380000,0x00000007acc00000)
  to   space 8704K, 0% used [0x00000007abb00000,0x00000007abb00000,0x00000007ac380000)
 ParOldGen       total 42496K, used 9828K [0x0000000780000000, 0x0000000782980000, 0x00000007aab00000)
  object space 42496K, 23% used [0x0000000780000000,0x0000000780999028,0x0000000782980000)
 Metaspace       used 21088K, capacity 22448K, committed 22472K, reserved 1069056K
  class space    used 2969K, capacity 3195K, committed 3200K, reserved 1048576K
Event: 32.731 GC heap after
Heap after GC invocations=8 (full 1):
 PSYoungGen      total 25088K, used 448K [0x00000007aab00000, 0x00000007ad180000, 0x00000007c0000000)
  eden space 16384K, 0% used [0x00000007aab00000,0x00000007aab00000,0x00000007abb00000)
  from space 8704K, 5% used [0x00000007abb00000,0x00000007abb70000,0x00000007ac380000)
  to   space 8704K, 0% used [0x00000007ac900000,0x00000007ac900000,0x00000007ad180000)
 ParOldGen       total 42496K, used 9836K [0x0000000780000000, 0x0000000782980000, 0x00000007aab00000)
  object space 42496K, 23% used [0x0000000780000000,0x000000078099b028,0x0000000782980000)
 Metaspace       used 21088K, capacity 22448K, committed 22472K, reserved 1069056K
  class space    used 2969K, capacity 3195K, committed 3200K, reserved 1048576K
}
Event: 47.056 GC heap before
{Heap before GC invocations=9 (full 1):
 PSYoungGen      total 25088K, used 16832K [0x00000007aab00000, 0x00000007ad180000, 0x00000007c0000000)
  eden space 16384K, 100% used [0x00000007aab00000,0x00000007abb00000,0x00000007abb00000)
  from space 8704K, 5% used [0x00000007abb00000,0x00000007abb70000,0x00000007ac380000)
  to   space 8704K, 0% used [0x00000007ac900000,0x00000007ac900000,0x00000007ad180000)
 ParOldGen       total 42496K, used 9836K [0x0000000780000000, 0x0000000782980000, 0x00000007aab00000)
  object space 42496K, 23% used [0x0000000780000000,0x000000078099b028,0x0000000782980000)
 Metaspace       used 21481K, capacity 22836K, committed 22984K, reserved 1069056K
  class space    used 2969K, capacity 3195K, committed 3200K, reserved 1048576K
Event: 47.061 GC heap after
Heap after GC invocations=9 (full 1):
 PSYoungGen      total 28672K, used 544K [0x00000007aab00000, 0x00000007ad080000, 0x00000007c0000000)
  eden space 20992K, 0% used [0x00000007aab00000,0x00000007aab00000,0x00000007abf80000)
  from space 7680K, 7% used [0x00000007ac900000,0x00000007ac988000,0x00000007ad080000)
  to   space 8704K, 0% used [0x00000007abf80000,0x00000007abf80000,0x00000007ac800000)
 ParOldGen       total 42496K, used 9844K [0x0000000780000000, 0x0000000782980000, 0x00000007aab00000)
  object space 42496K, 23% used [0x0000000780000000,0x000000078099d028,0x0000000782980000)
 Metaspace       used 21481K, capacity 22836K, committed 22984K, reserved 1069056K
  class space    used 2969K, capacity 3195K, committed 3200K, reserved 1048576K
}
Event: 65.256 GC heap before
{Heap before GC invocations=10 (full 1):
 PSYoungGen      total 28672K, used 21536K [0x00000007aab00000, 0x00000007ad080000, 0x00000007c0000000)
  eden space 20992K, 100% used [0x00000007aab00000,0x00000007abf80000,0x00000007abf80000)
  from space 7680K, 7% used [0x00000007ac900000,0x00000007ac988000,0x00000007ad080000)
  to   space 8704K, 0% used [0x00000007abf80000,0x00000007abf80000,0x00000007ac800000)
 ParOldGen       total 42496K, used 9844K [0x0000000780000000, 0x0000000782980000, 0x00000007aab00000)
  object space 42496K, 23% used [0x0000000780000000,0x000000078099d028,0x0000000782980000)
 Metaspace       used 21580K, capacity 22964K, committed 22984K, reserved 1069056K
  class space    used 2969K, capacity 3195K, committed 3200K, reserved 1048576K
Event: 65.262 GC heap after
Heap after GC invocations=10 (full 1):
 PSYoungGen      total 29696K, used 736K [0x00000007aab00000, 0x00000007ad380000, 0x00000007c0000000)
  eden space 20992K, 0% used [0x00000007aab00000,0x00000007aab00000,0x00000007abf80000)
  from space 8704K, 8% used [0x00000007abf80000,0x00000007ac038000,0x00000007ac800000)
  to   space 8704K, 0% used [0x00000007acb00000,0x00000007acb00000,0x00000007ad380000)
 ParOldGen       total 42496K, used 9852K [0x0000000780000000, 0x0000000782980000, 0x00000007aab00000)
  object space 42496K, 23% used [0x0000000780000000,0x000000078099f028,0x0000000782980000)
 Metaspace       used 21580K, capacity 22964K, committed 22984K, reserved 1069056K
  class space    used 2969K, capacity 3195K, committed 3200K, reserved 1048576K
}

