# JRE version: Java(TM) SE Runtime Environment (8.0_25-b17) (build 1.8.0_25-b17)
# Java VM: Java HotSpot(TM) 64-Bit Server VM (25.25-b02 mixed mode bsd-amd64 compressed oops)
Heap:
 PSYoungGen      total 35328K, used 10345K [0x0000000148100000, 0x000000014c600000, 0x000000015d600000)
  eden space 32768K, 31% used [0x0000000148100000,0x0000000148b1a768,0x000000014a100000)
  from space 2560K, 0% used [0x000000014a100000,0x000000014a100000,0x000000014a380000)
  to   space 2560K, 0% used [0x000000014c380000,0x000000014c380000,0x000000014c600000)
 ParOldGen       total 38400K, used 7891K [0x000000011d600000, 0x000000011fb80000, 0x0000000148100000)
  object space 38400K, 20% used [0x000000011d600000,0x000000011ddb4c50,0x000000011fb80000)
 Metaspace       used 21070K, capacity 22404K, committed 22528K, reserved 1069056K
  class space    used 3053K, capacity 3265K, committed 3328K, reserved 1048576K
GC Heap History (8 events):
Event: 1.541 GC heap before
{Heap before GC invocations=1 (full 0):
 PSYoungGen      total 18944K, used 16384K [0x0000000148100000, 0x0000000149600000, 0x000000015d600000)
  eden space 16384K, 100% used [0x0000000148100000,0x0000000149100000,0x0000000149100000)
  from space 2560K, 0% used [0x0000000149380000,0x0000000149380000,0x0000000149600000)
  to   space 2560K, 0% used [0x0000000149100000,0x0000000149100000,0x0000000149380000)
 ParOldGen       total 44032K, used 0K [0x000000011d600000, 0x0000000120100000, 0x0000000148100000)
  object space 44032K, 0% used [0x000000011d600000,0x000000011d600000,0x0000000120100000)
 Metaspace       used 8759K, capacity 9084K, committed 9344K, reserved 1056768K
  class space    used 1085K, capacity 1141K, committed 1152K, reserved 1048576K
Event: 1.572 GC heap after
Heap after GC invocations=1 (full 0):
 PSYoungGen      total 18944K, used 2544K [0x0000000148100000, 0x000000014a600000, 0x000000015d600000)
  eden space 16384K, 0% used [0x0000000148100000,0x0000000148100000,0x0000000149100000)
  from space 2560K, 99% used [0x0000000149100000,0x000000014937c040,0x0000000149380000)
  to   space 2560K, 0% used [0x000000014a380000,0x000000014a380000,0x000000014a600000)
 ParOldGen       total 44032K, used 187K [0x000000011d600000, 0x0000000120100000, 0x0000000148100000)
  object space 44032K, 0% used [0x000000011d600000,0x000000011d62eea0,0x0000000120100000)
 Metaspace       used 8759K, capacity 9084K, committed 9344K, reserved 1056768K
  class space    used 1085K, capacity 1141K, committed 1152K, reserved 1048576K
}
Event: 3.603 GC heap before
{Heap before GC invocations=2 (full 0):
 PSYoungGen      total 18944K, used 18928K [0x0000000148100000, 0x000000014a600000, 0x000000015d600000)
  eden space 16384K, 100% used [0x0000000148100000,0x0000000149100000,0x0000000149100000)
  from space 2560K, 99% used [0x0000000149100000,0x000000014937c040,0x0000000149380000)
  to   space 2560K, 0% used [0x000000014a380000,0x000000014a380000,0x000000014a600000)
 ParOldGen       total 44032K, used 187K [0x000000011d600000, 0x0000000120100000, 0x0000000148100000)
  object space 44032K, 0% used [0x000000011d600000,0x000000011d62eea0,0x0000000120100000)
 Metaspace       used 14186K, capacity 14738K, committed 14976K, reserved 1062912K
  class space    used 2006K, capacity 2136K, committed 2176K, reserved 1048576K
Event: 3.643 GC heap after
Heap after GC invocations=2 (full 0):
 PSYoungGen      total 35328K, used 2528K [0x0000000148100000, 0x000000014a600000, 0x000000015d600000)
  eden space 32768K, 0% used [0x0000000148100000,0x0000000148100000,0x000000014a100000)
  from space 2560K, 98% used [0x000000014a380000,0x000000014a5f8060,0x000000014a600000)
  to   space 2560K, 0% used [0x000000014a100000,0x000000014a100000,0x000000014a380000)
 ParOldGen       total 44032K, used 2250K [0x000000011d600000, 0x0000000120100000, 0x0000000148100000)
  object space 44032K, 5% used [0x000000011d600000,0x000000011d832a70,0x0000000120100000)
 Metaspace       used 14186K, capacity 14738K, committed 14976K, reserved 1062912K
  class space    used 2006K, capacity 2136K, committed 2176K, reserved 1048576K
}
Event: 8.009 GC heap before
{Heap before GC invocations=3 (full 0):
 PSYoungGen      total 35328K, used 27901K [0x0000000148100000, 0x000000014a600000, 0x000000015d600000)
  eden space 32768K, 77% used [0x0000000148100000,0x00000001499c7788,0x000000014a100000)
  from space 2560K, 98% used [0x000000014a380000,0x000000014a5f8060,0x000000014a600000)
  to   space 2560K, 0% used [0x000000014a100000,0x000000014a100000,0x000000014a380000)
 ParOldGen       total 44032K, used 2250K [0x000000011d600000, 0x0000000120100000, 0x0000000148100000)
  object space 44032K, 5% used [0x000000011d600000,0x000000011d832a70,0x0000000120100000)
 Metaspace       used 19958K, capacity 21268K, committed 21296K, reserved 1067008K
  class space    used 2994K, capacity 3189K, committed 3200K, reserved 1048576K
Event: 8.032 GC heap after
Heap after GC invocations=3 (full 0):
 PSYoungGen      total 35328K, used 2544K [0x0000000148100000, 0x000000014c600000, 0x000000015d600000)
  eden space 32768K, 0% used [0x0000000148100000,0x0000000148100000,0x000000014a100000)
  from space 2560K, 99% used [0x000000014a100000,0x000000014a37c030,0x000000014a380000)
  to   space 2560K, 0% used [0x000000014c380000,0x000000014c380000,0x000000014c600000)
 ParOldGen       total 44032K, used 5853K [0x000000011d600000, 0x0000000120100000, 0x0000000148100000)
  object space 44032K, 13% used [0x000000011d600000,0x000000011dbb74d0,0x0000000120100000)
 Metaspace       used 19958K, capacity 21268K, committed 21296K, reserved 1067008K
  class space    used 2994K, capacity 3189K, committed 3200K, reserved 1048576K
}
Event: 8.032 GC heap before
{Heap before GC invocations=4 (full 1):
 PSYoungGen      total 35328K, used 2544K [0x0000000148100000, 0x000000014c600000, 0x000000015d600000)
  eden space 32768K, 0% used [0x0000000148100000,0x0000000148100000,0x000000014a100000)
  from space 2560K, 99% used [0x000000014a100000,0x000000014a37c030,0x000000014a380000)
  to   space 2560K, 0% used [0x000000014c380000,0x000000014c380000,0x000000014c600000)
 ParOldGen       total 44032K, used 5853K [0x000000011d600000, 0x0000000120100000, 0x0000000148100000)
  object space 44032K, 13% used [0x000000011d600000,0x000000011dbb74d0,0x0000000120100000)
 Metaspace       used 19958K, capacity 21268K, committed 21296K, reserved 1067008K
  class space    used 2994K, capacity 3189K, committed 3200K, reserved 1048576K
Event: 8.178 GC heap after
Heap after GC invocations=4 (full 1):
 PSYoungGen      total 35328K, used 0K [0x0000000148100000, 0x000000014c600000, 0x000000015d600000)
  eden space 32768K, 0% used [0x0000000148100000,0x0000000148100000,0x000000014a100000)
  from space 2560K, 0% used [0x000000014a100000,0x000000014a100000,0x000000014a380000)
  to   space 2560K, 0% used [0x000000014c380000,0x000000014c380000,0x000000014c600000)
 ParOldGen       total 38400K, used 7891K [0x000000011d600000, 0x000000011fb80000, 0x0000000148100000)
  object space 38400K, 20% used [0x000000011d600000,0x000000011ddb4c50,0x000000011fb80000)
 Metaspace       used 19957K, capacity 21266K, committed 21296K, reserved 1067008K
  class space    used 2994K, capacity 3188K, committed 3200K, reserved 1048576K
}

